Using pre-set license
Built from '2021.3/staging' branch; Version is '2021.3.30f1 (b4360d7cdac4) revision 11810317'; Using compiler version '192829333'; Build Type 'Release'
OS: 'Windows 10  (10.0.19045) 64bit Professional' Language: 'en' Physical Memory: 16138 MB
BatchMode: 1, IsHumanControllingUs: 0, StartBugReporterOnCrash: 0, Is64bit: 1, IsPro: 1

COMMAND LINE ARGUMENTS:
C:\Program Files\Unity\Hub\Editor\2021.3.30f1\Editor\Unity.exe
-adb2
-batchMode
-noUpm
-name
AssetImportWorker10
-projectPath
C:/Users/user/Documents/facultate/anul 3/SEM1/IMR/IMR Proiect
-logFile
Logs/AssetImportWorker10.log
-srvPort
65199
Successfully changed project path to: C:/Users/user/Documents/facultate/anul 3/SEM1/IMR/IMR Proiect
C:/Users/user/Documents/facultate/anul 3/SEM1/IMR/IMR Proiect
[UnityMemory] Configuration Parameters - Can be set up in boot.config
    "memorysetup-bucket-allocator-granularity=16"
    "memorysetup-bucket-allocator-bucket-count=8"
    "memorysetup-bucket-allocator-block-size=33554432"
    "memorysetup-bucket-allocator-block-count=8"
    "memorysetup-main-allocator-block-size=16777216"
    "memorysetup-thread-allocator-block-size=16777216"
    "memorysetup-gfx-main-allocator-block-size=16777216"
    "memorysetup-gfx-thread-allocator-block-size=16777216"
    "memorysetup-cache-allocator-block-size=4194304"
    "memorysetup-typetree-allocator-block-size=2097152"
    "memorysetup-profiler-bucket-allocator-granularity=16"
    "memorysetup-profiler-bucket-allocator-bucket-count=8"
    "memorysetup-profiler-bucket-allocator-block-size=33554432"
    "memorysetup-profiler-bucket-allocator-block-count=8"
    "memorysetup-profiler-allocator-block-size=16777216"
    "memorysetup-profiler-editor-allocator-block-size=1048576"
    "memorysetup-temp-allocator-size-main=16777216"
    "memorysetup-job-temp-allocator-block-size=2097152"
    "memorysetup-job-temp-allocator-block-size-background=1048576"
    "memorysetup-job-temp-allocator-reduction-small-platforms=262144"
    "memorysetup-temp-allocator-size-background-worker=32768"
    "memorysetup-temp-allocator-size-job-worker=262144"
    "memorysetup-temp-allocator-size-preload-manager=33554432"
    "memorysetup-temp-allocator-size-nav-mesh-worker=65536"
    "memorysetup-temp-allocator-size-audio-worker=65536"
    "memorysetup-temp-allocator-size-cloud-worker=32768"
    "memorysetup-temp-allocator-size-gi-baking-worker=262144"
    "memorysetup-temp-allocator-size-gfx=262144"
Player connection [69380] Host "[IP] 192.168.56.1 [Port] 0 [Flags] 2 [Guid] 2435174560 [EditorId] 2435174560 [Version] 1048832 [Id] WindowsEditor(7,DESKTOP-DDGVCQ5) [Debug] 1 [PackageName] WindowsEditor [ProjectName] Editor" joined multi-casting on [225.0.0.222:54997]...

Player connection [69380] Host "[IP] 192.168.56.1 [Port] 0 [Flags] 2 [Guid] 2435174560 [EditorId] 2435174560 [Version] 1048832 [Id] WindowsEditor(7,DESKTOP-DDGVCQ5) [Debug] 1 [PackageName] WindowsEditor [ProjectName] Editor" joined alternative multi-casting on [225.0.0.222:34997]...

[Physics::Module] Initialized MultithreadedJobDispatcher with {0} workers.
Refreshing native plugins compatible for Editor in 112.26 ms, found 3 plugins.
Preloading 0 native plugins for Editor in 0.00 ms.
Initialize engine version: 2021.3.30f1 (b4360d7cdac4)
[Subsystems] Discovering subsystems at path C:/Program Files/Unity/Hub/Editor/2021.3.30f1/Editor/Data/Resources/UnitySubsystems
[Subsystems] Discovering subsystems at path C:/Users/user/Documents/facultate/anul 3/SEM1/IMR/IMR Proiect/Assets
GfxDevice: creating device client; threaded=0; jobified=0
Direct3D:
    Version:  Direct3D 11.0 [level 11.1]
    Renderer: NVIDIA Quadro P1000 (ID=0x1cbb)
    Vendor:   NVIDIA
    VRAM:     4020 MB
    Driver:   31.0.15.3209
Initialize mono
Mono path[0] = 'C:/Program Files/Unity/Hub/Editor/2021.3.30f1/Editor/Data/Managed'
Mono path[1] = 'C:/Program Files/Unity/Hub/Editor/2021.3.30f1/Editor/Data/MonoBleedingEdge/lib/mono/unityjit-win32'
Mono config path = 'C:/Program Files/Unity/Hub/Editor/2021.3.30f1/Editor/Data/MonoBleedingEdge/etc'
Using monoOptions --debugger-agent=transport=dt_socket,embedding=1,server=y,suspend=n,address=127.0.0.1:56760
Begin MonoManager ReloadAssembly
Registering precompiled unity dll's ...
Register platform support module: C:/Program Files/Unity/Hub/Editor/2021.3.30f1/Editor/Data/PlaybackEngines/WebGLSupport/UnityEditor.WebGL.Extensions.dll
Register platform support module: C:/Program Files/Unity/Hub/Editor/2021.3.30f1/Editor/Data/PlaybackEngines/AndroidPlayer/UnityEditor.Android.Extensions.dll
Register platform support module: C:/Program Files/Unity/Hub/Editor/2021.3.30f1/Editor/Data/PlaybackEngines/WindowsStandaloneSupport/UnityEditor.WindowsStandalone.Extensions.dll
Registered in 0.010372 seconds.
Native extension for WindowsStandalone target not found
Native extension for Android target not found
Android Extension - Scanning For ADB Devices 410 ms
Native extension for WebGL target not found
Refreshing native plugins compatible for Editor in 78.77 ms, found 3 plugins.
Preloading 0 native plugins for Editor in 0.00 ms.
Mono: successfully reloaded assembly
- Completed reload, in  1.475 seconds
Domain Reload Profiling:
	ReloadAssembly (1476ms)
		BeginReloadAssembly (143ms)
			ExecutionOrderSort (0ms)
			DisableScriptedObjects (0ms)
			BackupInstance (0ms)
			ReleaseScriptingObjects (0ms)
			CreateAndSetChildDomain (1ms)
		EndReloadAssembly (1167ms)
			LoadAssemblies (144ms)
			RebuildTransferFunctionScriptingTraits (0ms)
			SetupTypeCache (186ms)
			ReleaseScriptCaches (0ms)
			RebuildScriptCaches (44ms)
			SetupLoadedEditorAssemblies (867ms)
				LogAssemblyErrors (0ms)
				InitializePlatformSupportModulesInManaged (566ms)
				SetLoadedEditorAssemblies (0ms)
				RefreshPlugins (79ms)
				BeforeProcessingInitializeOnLoad (2ms)
				ProcessInitializeOnLoadAttributes (133ms)
				ProcessInitializeOnLoadMethodAttributes (87ms)
				AfterProcessingInitializeOnLoad (0ms)
				EditorAssembliesLoaded (0ms)
			ExecutionOrderSort2 (0ms)
			AwakeInstancesAfterBackupRestoration (0ms)
Platform modules already initialized, skipping
Registering precompiled user dll's ...
Registered in 0.010663 seconds.
Begin MonoManager ReloadAssembly
Native extension for WindowsStandalone target not found
Native extension for Android target not found
Native extension for WebGL target not found
Refreshing native plugins compatible for Editor in 0.52 ms, found 3 plugins.
Preloading 0 native plugins for Editor in 0.00 ms.
Package Manager log level set to [2]
[Package Manager] Server::EnsureServerProcessIsRunning -- launch failed, reason: Unity was launched with the -noUpm command-line argument
[Package Manager] Cannot connect to Unity Package Manager local server
Mono: successfully reloaded assembly
- Completed reload, in  1.904 seconds
Domain Reload Profiling:
	ReloadAssembly (1904ms)
		BeginReloadAssembly (211ms)
			ExecutionOrderSort (0ms)
			DisableScriptedObjects (9ms)
			BackupInstance (0ms)
			ReleaseScriptingObjects (0ms)
			CreateAndSetChildDomain (32ms)
		EndReloadAssembly (1511ms)
			LoadAssemblies (165ms)
			RebuildTransferFunctionScriptingTraits (0ms)
			SetupTypeCache (458ms)
			ReleaseScriptCaches (1ms)
			RebuildScriptCaches (93ms)
			SetupLoadedEditorAssemblies (780ms)
				LogAssemblyErrors (0ms)
				InitializePlatformSupportModulesInManaged (27ms)
				SetLoadedEditorAssemblies (0ms)
				RefreshPlugins (1ms)
				BeforeProcessingInitializeOnLoad (80ms)
				ProcessInitializeOnLoadAttributes (643ms)
				ProcessInitializeOnLoadMethodAttributes (20ms)
				AfterProcessingInitializeOnLoad (8ms)
				EditorAssembliesLoaded (0ms)
			ExecutionOrderSort2 (0ms)
			AwakeInstancesAfterBackupRestoration (7ms)
Platform modules already initialized, skipping
========================================================================
Worker process is ready to serve import requests
Launched and connected shader compiler UnityShaderCompiler.exe after 0.06 seconds
Refreshing native plugins compatible for Editor in 0.51 ms, found 3 plugins.
Preloading 0 native plugins for Editor in 0.00 ms.
Unloading 3071 Unused Serialized files (Serialized files now loaded: 0)
Unloading 22 unused Assets / (48.9 MB). Loaded Objects now: 3562.
Memory consumption went from 193.8 MB to 144.9 MB.
Total: 5.959800 ms (FindLiveObjects: 0.274400 ms CreateObjectMapping: 0.170200 ms MarkObjects: 5.323000 ms  DeleteObjects: 0.191200 ms)

AssetImportParameters requested are different than current active one (requested -> active):
  custom:video-decoder-ogg-theora: a1e56fd34408186e4bbccfd4996cb3dc -> 
  custom:container-muxer-webm: aa71ff27fc2769a1b78a27578f13a17b -> 
  custom:container-demuxer-webm: 4f35f7cbe854078d1ac9338744f61a02 -> 
  custom:video-encoder-webm-vp8: eb34c28f22e8b96e1ab97ce403110664 -> 
  custom:CustomObjectIndexerAttribute: bc11b3a6c3213fcdd17b65e7da85e133 -> 
  custom:audio-encoder-webm-vorbis: bf7c407c2cedff20999df2af8eb42d56 -> 
  custom:framework-win-MediaFoundation: 216162199b28c13a410421893ffa2e32 -> 
  custom:SearchIndexIgnoredProperties: e643bd26f0fe6173181afceb89e7c659 -> 
  custom:container-demuxer-ogg: 62fdf1f143b41e24485cea50d1cbac27 -> 
  custom:video-decoder-webm-vp8: 9c59270c3fd7afecdb556c50c9e8de78 -> 
  custom:audio-decoder-ogg-vorbis: bf7c407c2cedff20999df2af8eb42d56 -> 
========================================================================
Received Import Request.
  Time since last request: 481870.896278 seconds.
  path: Assets/Fantasy Skybox FREE/Cubemaps/FS017/Images/FS017_Day_Cubemap_up.png
  artifactKey: Guid(eeaad692c5b23d149b53932062b4da5b) Importer(815301076,1909f56bfc062723c751e8b465ee728b)
Number of updated assets reloaded before import = 0
Start importing Assets/Fantasy Skybox FREE/Cubemaps/FS017/Images/FS017_Day_Cubemap_up.png using Guid(eeaad692c5b23d149b53932062b4da5b) Importer(815301076,1909f56bfc062723c751e8b465ee728b)  -> (artifact id: '3aa6129e4cb29b53c987a336848f0981') in 0.118767 seconds 
Number of asset objects unloaded after import = 2
========================================================================
Received Prepare
Registering precompiled user dll's ...
Registered in 0.005496 seconds.
Begin MonoManager ReloadAssembly
Native extension for WindowsStandalone target not found
Native extension for Android target not found
Native extension for WebGL target not found
Refreshing native plugins compatible for Editor in 0.60 ms, found 3 plugins.
Preloading 0 native plugins for Editor in 0.00 ms.
[Package Manager] Server::EnsureServerProcessIsRunning -- launch failed, reason: Unity was launched with the -noUpm command-line argument
[Package Manager] Cannot connect to Unity Package Manager local server
Mono: successfully reloaded assembly
- Completed reload, in  2.090 seconds
Domain Reload Profiling:
	ReloadAssembly (2091ms)
		BeginReloadAssembly (236ms)
			ExecutionOrderSort (0ms)
			DisableScriptedObjects (8ms)
			BackupInstance (0ms)
			ReleaseScriptingObjects (0ms)
			CreateAndSetChildDomain (41ms)
		EndReloadAssembly (1741ms)
			LoadAssemblies (177ms)
			RebuildTransferFunctionScriptingTraits (0ms)
			SetupTypeCache (496ms)
			ReleaseScriptCaches (2ms)
			RebuildScriptCaches (85ms)
			SetupLoadedEditorAssemblies (933ms)
				LogAssemblyErrors (0ms)
				InitializePlatformSupportModulesInManaged (49ms)
				SetLoadedEditorAssemblies (1ms)
				RefreshPlugins (1ms)
				BeforeProcessingInitializeOnLoad (107ms)
				ProcessInitializeOnLoadAttributes (725ms)
				ProcessInitializeOnLoadMethodAttributes (36ms)
				AfterProcessingInitializeOnLoad (14ms)
				EditorAssembliesLoaded (0ms)
			ExecutionOrderSort2 (0ms)
			AwakeInstancesAfterBackupRestoration (13ms)
Platform modules already initialized, skipping
Refreshing native plugins compatible for Editor in 0.79 ms, found 3 plugins.
Preloading 0 native plugins for Editor in 0.00 ms.
Unloading 3050 Unused Serialized files (Serialized files now loaded: 0)
Unloading 17 unused Assets / (21.9 KB). Loaded Objects now: 3568.
Memory consumption went from 192.0 MB to 192.0 MB.
Total: 5.791700 ms (FindLiveObjects: 0.857700 ms CreateObjectMapping: 0.469100 ms MarkObjects: 4.400000 ms  DeleteObjects: 0.062400 ms)

AssetImportParameters requested are different than current active one (requested -> active):
  custom:video-decoder-ogg-theora: a1e56fd34408186e4bbccfd4996cb3dc -> 
  custom:container-muxer-webm: aa71ff27fc2769a1b78a27578f13a17b -> 
  custom:container-demuxer-webm: 4f35f7cbe854078d1ac9338744f61a02 -> 
  custom:video-encoder-webm-vp8: eb34c28f22e8b96e1ab97ce403110664 -> 
  custom:CustomObjectIndexerAttribute: bc11b3a6c3213fcdd17b65e7da85e133 -> 
  custom:audio-encoder-webm-vorbis: bf7c407c2cedff20999df2af8eb42d56 -> 
  custom:framework-win-MediaFoundation: 216162199b28c13a410421893ffa2e32 -> 
  custom:SearchIndexIgnoredProperties: e643bd26f0fe6173181afceb89e7c659 -> 
  custom:container-demuxer-ogg: 62fdf1f143b41e24485cea50d1cbac27 -> 
  custom:video-decoder-webm-vp8: 9c59270c3fd7afecdb556c50c9e8de78 -> 
  custom:audio-decoder-ogg-vorbis: bf7c407c2cedff20999df2af8eb42d56 -> 
========================================================================
Received Prepare
Registering precompiled user dll's ...
Registered in 0.005857 seconds.
Begin MonoManager ReloadAssembly
Native extension for WindowsStandalone target not found
Native extension for Android target not found
Native extension for WebGL target not found
Refreshing native plugins compatible for Editor in 1.28 ms, found 3 plugins.
Preloading 0 native plugins for Editor in 0.00 ms.
[Package Manager] Server::EnsureServerProcessIsRunning -- launch failed, reason: Unity was launched with the -noUpm command-line argument
[Package Manager] Cannot connect to Unity Package Manager local server
Mono: successfully reloaded assembly
- Completed reload, in  2.087 seconds
Domain Reload Profiling:
	ReloadAssembly (2088ms)
		BeginReloadAssembly (188ms)
			ExecutionOrderSort (0ms)
			DisableScriptedObjects (7ms)
			BackupInstance (0ms)
			ReleaseScriptingObjects (0ms)
			CreateAndSetChildDomain (42ms)
		EndReloadAssembly (1727ms)
			LoadAssemblies (127ms)
			RebuildTransferFunctionScriptingTraits (0ms)
			SetupTypeCache (474ms)
			ReleaseScriptCaches (3ms)
			RebuildScriptCaches (81ms)
			SetupLoadedEditorAssemblies (946ms)
				LogAssemblyErrors (0ms)
				InitializePlatformSupportModulesInManaged (44ms)
				SetLoadedEditorAssemblies (1ms)
				RefreshPlugins (1ms)
				BeforeProcessingInitializeOnLoad (106ms)
				ProcessInitializeOnLoadAttributes (743ms)
				ProcessInitializeOnLoadMethodAttributes (35ms)
				AfterProcessingInitializeOnLoad (15ms)
				EditorAssembliesLoaded (0ms)
			ExecutionOrderSort2 (0ms)
			AwakeInstancesAfterBackupRestoration (12ms)
Platform modules already initialized, skipping
Refreshing native plugins compatible for Editor in 2.20 ms, found 3 plugins.
Preloading 0 native plugins for Editor in 0.00 ms.
Unloading 3050 Unused Serialized files (Serialized files now loaded: 0)
Unloading 17 unused Assets / (21.9 KB). Loaded Objects now: 3571.
Memory consumption went from 192.1 MB to 192.0 MB.
Total: 4.103000 ms (FindLiveObjects: 0.340000 ms CreateObjectMapping: 0.213800 ms MarkObjects: 3.044600 ms  DeleteObjects: 0.503300 ms)

AssetImportParameters requested are different than current active one (requested -> active):
  custom:video-decoder-ogg-theora: a1e56fd34408186e4bbccfd4996cb3dc -> 
  custom:container-muxer-webm: aa71ff27fc2769a1b78a27578f13a17b -> 
  custom:container-demuxer-webm: 4f35f7cbe854078d1ac9338744f61a02 -> 
  custom:video-encoder-webm-vp8: eb34c28f22e8b96e1ab97ce403110664 -> 
  custom:CustomObjectIndexerAttribute: bc11b3a6c3213fcdd17b65e7da85e133 -> 
  custom:audio-encoder-webm-vorbis: bf7c407c2cedff20999df2af8eb42d56 -> 
  custom:framework-win-MediaFoundation: 216162199b28c13a410421893ffa2e32 -> 
  custom:SearchIndexIgnoredProperties: e643bd26f0fe6173181afceb89e7c659 -> 
  custom:container-demuxer-ogg: 62fdf1f143b41e24485cea50d1cbac27 -> 
  custom:video-decoder-webm-vp8: 9c59270c3fd7afecdb556c50c9e8de78 -> 
  custom:audio-decoder-ogg-vorbis: bf7c407c2cedff20999df2af8eb42d56 -> 
========================================================================
Received Import Request.
  Time since last request: 840.792218 seconds.
  path: Assets/Fantasy Skybox FREE/Scenes/Texture_Grass_Normal.png
  artifactKey: Guid(69e10fcec9984ba4f839a5693383c57e) Importer(815301076,1909f56bfc062723c751e8b465ee728b)
Number of updated assets reloaded before import = 0
Start importing Assets/Fantasy Skybox FREE/Scenes/Texture_Grass_Normal.png using Guid(69e10fcec9984ba4f839a5693383c57e) Importer(815301076,1909f56bfc062723c751e8b465ee728b)  -> (artifact id: '66db8b80846a0a2cfc69012dd865ed68') in 0.159745 seconds 
Number of asset objects unloaded after import = 2
========================================================================
Received Import Request.
  Time since last request: 17.013479 seconds.
  path: Assets/Fantasy Skybox FREE/Cubemaps/FS017/Images/FS017_Day_Sunless_Cubemap_back.png
  artifactKey: Guid(21f443f7e34cecd4cab409d082d9e70e) Importer(815301076,1909f56bfc062723c751e8b465ee728b)
Number of updated assets reloaded before import = 0
Start importing Assets/Fantasy Skybox FREE/Cubemaps/FS017/Images/FS017_Day_Sunless_Cubemap_back.png using Guid(21f443f7e34cecd4cab409d082d9e70e) Importer(815301076,1909f56bfc062723c751e8b465ee728b)  -> (artifact id: 'f14103e4902e1d7c4016a58601409a3b') in 0.035270 seconds 
Number of asset objects unloaded after import = 2
========================================================================
Received Import Request.
  Time since last request: 0.000060 seconds.
  path: Assets/Fantasy Skybox FREE/Cubemaps/FS017/Images/FS017_Day_Sunless_Cubemap_down.png
  artifactKey: Guid(1c80ea766d372ae4d88b370aac8f041d) Importer(815301076,1909f56bfc062723c751e8b465ee728b)
Number of updated assets reloaded before import = 0
Start importing Assets/Fantasy Skybox FREE/Cubemaps/FS017/Images/FS017_Day_Sunless_Cubemap_down.png using Guid(1c80ea766d372ae4d88b370aac8f041d) Importer(815301076,1909f56bfc062723c751e8b465ee728b)  -> (artifact id: '28fd2bc77c0a15f78695f91c4283dd3a') in 0.036932 seconds 
Number of asset objects unloaded after import = 2
========================================================================
Received Import Request.
  Time since last request: 0.000036 seconds.
  path: Assets/Fantasy Skybox FREE/Cubemaps/FS017/Images/FS017_Night_Cubemap_down.png
  artifactKey: Guid(c952eb03fe2ac9a42ac3c5ac822c516a) Importer(815301076,1909f56bfc062723c751e8b465ee728b)
Number of updated assets reloaded before import = 0
Start importing Assets/Fantasy Skybox FREE/Cubemaps/FS017/Images/FS017_Night_Cubemap_down.png using Guid(c952eb03fe2ac9a42ac3c5ac822c516a) Importer(815301076,1909f56bfc062723c751e8b465ee728b)  -> (artifact id: '8440d0d2ffbf3825edad704a7994c53f') in 0.037119 seconds 
Number of asset objects unloaded after import = 2
========================================================================
Received Import Request.
  Time since last request: 0.000025 seconds.
  path: Assets/Fantasy Skybox FREE/Cubemaps/FS017/Images/FS017_Day_Sunless_Cubemap_right.png
  artifactKey: Guid(b8edd9eab84ec2a4984293d49b1028ac) Importer(815301076,1909f56bfc062723c751e8b465ee728b)
Number of updated assets reloaded before import = 0
Start importing Assets/Fantasy Skybox FREE/Cubemaps/FS017/Images/FS017_Day_Sunless_Cubemap_right.png using Guid(b8edd9eab84ec2a4984293d49b1028ac) Importer(815301076,1909f56bfc062723c751e8b465ee728b)  -> (artifact id: 'eabdd28cc873ee2f223cf36778de34d0') in 0.032892 seconds 
Number of asset objects unloaded after import = 2
========================================================================
Received Import Request.
  Time since last request: 0.000029 seconds.
  path: Assets/Fantasy Skybox FREE/Cubemaps/FS017/Images/FS017_Night_Moonless_Cubemap_left.png
  artifactKey: Guid(a15506ae0e4838149b25c00cd8af36c1) Importer(815301076,1909f56bfc062723c751e8b465ee728b)
Number of updated assets reloaded before import = 0
Start importing Assets/Fantasy Skybox FREE/Cubemaps/FS017/Images/FS017_Night_Moonless_Cubemap_left.png using Guid(a15506ae0e4838149b25c00cd8af36c1) Importer(815301076,1909f56bfc062723c751e8b465ee728b)  -> (artifact id: '9b5bd5e3057942b3e85619f4fa45be4f') in 0.032636 seconds 
Number of asset objects unloaded after import = 2
========================================================================
Received Import Request.
  Time since last request: 0.000025 seconds.
  path: Assets/Fantasy Skybox FREE/Cubemaps/FS017/Images/FS017_Rainy_Cubemap_right.png
  artifactKey: Guid(e4051bfa471d28d49bcbdd95f4265a75) Importer(815301076,1909f56bfc062723c751e8b465ee728b)
Number of updated assets reloaded before import = 0
Start importing Assets/Fantasy Skybox FREE/Cubemaps/FS017/Images/FS017_Rainy_Cubemap_right.png using Guid(e4051bfa471d28d49bcbdd95f4265a75) Importer(815301076,1909f56bfc062723c751e8b465ee728b)  -> (artifact id: 'a272661b5b89e5b531314232f525ec06') in 0.033285 seconds 
Number of asset objects unloaded after import = 2
========================================================================
Received Import Request.
  Time since last request: 0.000025 seconds.
  path: Assets/Fantasy Skybox FREE/Cubemaps/FS017/Images/FS017_Sunset_Cubemap_back.png
  artifactKey: Guid(2137885ed498f1145a295dafd6771f20) Importer(815301076,1909f56bfc062723c751e8b465ee728b)
Number of updated assets reloaded before import = 0
Start importing Assets/Fantasy Skybox FREE/Cubemaps/FS017/Images/FS017_Sunset_Cubemap_back.png using Guid(2137885ed498f1145a295dafd6771f20) Importer(815301076,1909f56bfc062723c751e8b465ee728b)  -> (artifact id: 'ac9ff92d5c45531d8475f32f30d18b36') in 0.032069 seconds 
Number of asset objects unloaded after import = 2
========================================================================
Received Import Request.
  Time since last request: 0.000020 seconds.
  path: Assets/Fantasy Skybox FREE/Cubemaps/FS017/Images/FS017_Sunset_Cubemap_left.png
  artifactKey: Guid(2f0be5e2b05a3ca4a9d559e1bb41da62) Importer(815301076,1909f56bfc062723c751e8b465ee728b)
Number of updated assets reloaded before import = 0
Start importing Assets/Fantasy Skybox FREE/Cubemaps/FS017/Images/FS017_Sunset_Cubemap_left.png using Guid(2f0be5e2b05a3ca4a9d559e1bb41da62) Importer(815301076,1909f56bfc062723c751e8b465ee728b)  -> (artifact id: '6664c7c07a7a77b1a1e6497748c6e73f') in 0.031128 seconds 
Number of asset objects unloaded after import = 2
========================================================================
Received Import Request.
  Time since last request: 0.000025 seconds.
  path: Assets/Fantasy Skybox FREE/Cubemaps/FS017/Images/FS017_Sunrise_Cubemap_up.png
  artifactKey: Guid(5f5a9db8167fcea43a8ee471b4a6045d) Importer(815301076,1909f56bfc062723c751e8b465ee728b)
Number of updated assets reloaded before import = 0
Start importing Assets/Fantasy Skybox FREE/Cubemaps/FS017/Images/FS017_Sunrise_Cubemap_up.png using Guid(5f5a9db8167fcea43a8ee471b4a6045d) Importer(815301076,1909f56bfc062723c751e8b465ee728b)  -> (artifact id: 'c301e40cc6e0cb8586bf43b616ad97f0') in 0.034199 seconds 
Number of asset objects unloaded after import = 2
========================================================================
Received Import Request.
  Time since last request: 0.000022 seconds.
  path: Assets/Fantasy Skybox FREE/Cubemaps/FS017/Images/FS017_Night_Cubemap_left.png
  artifactKey: Guid(1f3d7c575615c0347aa51d0bc22f1567) Importer(815301076,1909f56bfc062723c751e8b465ee728b)
Number of updated assets reloaded before import = 0
Start importing Assets/Fantasy Skybox FREE/Cubemaps/FS017/Images/FS017_Night_Cubemap_left.png using Guid(1f3d7c575615c0347aa51d0bc22f1567) Importer(815301076,1909f56bfc062723c751e8b465ee728b)  -> (artifact id: '2f198c5a90250f98ce0eb49c2ac583be') in 0.030866 seconds 
Number of asset objects unloaded after import = 2
========================================================================
Received Import Request.
  Time since last request: 0.000129 seconds.
  path: Assets/Fantasy Skybox FREE/Panoramics/FS017/FS017_Snowy.png
  artifactKey: Guid(787c830ffbe38b14a9c7bcf39669cdfe) Importer(815301076,1909f56bfc062723c751e8b465ee728b)
Number of updated assets reloaded before import = 0
Start importing Assets/Fantasy Skybox FREE/Panoramics/FS017/FS017_Snowy.png using Guid(787c830ffbe38b14a9c7bcf39669cdfe) Importer(815301076,1909f56bfc062723c751e8b465ee728b)  -> (artifact id: 'bd4defca18fbb3f0d421d4dae8ae27da') in 0.034702 seconds 
Number of asset objects unloaded after import = 2
========================================================================
Received Import Request.
  Time since last request: 0.000047 seconds.
  path: Assets/Fantasy Skybox FREE/Panoramics/FS017/FS017_Rainy.png
  artifactKey: Guid(16d9adf6c3330a04791bfc80481167c2) Importer(815301076,1909f56bfc062723c751e8b465ee728b)
Number of updated assets reloaded before import = 0
Start importing Assets/Fantasy Skybox FREE/Panoramics/FS017/FS017_Rainy.png using Guid(16d9adf6c3330a04791bfc80481167c2) Importer(815301076,1909f56bfc062723c751e8b465ee728b)  -> (artifact id: '113633ef775ac4f52aa6fa46fd2f9437') in 0.031835 seconds 
Number of asset objects unloaded after import = 2
========================================================================
Received Import Request.
  Time since last request: 0.000027 seconds.
  path: Assets/Polytope Studio/Lowpoly_Environments/Sources/Textures/PT_Water_NM_01.png
  artifactKey: Guid(a78adb8868cccbe4a92d9d81db916e6e) Importer(815301076,1909f56bfc062723c751e8b465ee728b)
Number of updated assets reloaded before import = 0
Start importing Assets/Polytope Studio/Lowpoly_Environments/Sources/Textures/PT_Water_NM_01.png using Guid(a78adb8868cccbe4a92d9d81db916e6e) Importer(815301076,1909f56bfc062723c751e8b465ee728b)  -> (artifact id: '07e73276526f9ce8667606ec991c53b5') in 0.030950 seconds 
Number of asset objects unloaded after import = 2
========================================================================
Received Import Request.
  Time since last request: 0.000019 seconds.
  path: Assets/Polytope Studio/Lowpoly_Demos/Environment_Free/Helpers/Terrain/TerrainData_832163fb-b19c-4118-97c2-cf0a3b224fca.asset
  artifactKey: Guid(b273ce15435a60644bcd2c174476a708) Importer(815301076,1909f56bfc062723c751e8b465ee728b)
Number of updated assets reloaded before import = 0
Start importing Assets/Polytope Studio/Lowpoly_Demos/Environment_Free/Helpers/Terrain/TerrainData_832163fb-b19c-4118-97c2-cf0a3b224fca.asset using Guid(b273ce15435a60644bcd2c174476a708) Importer(815301076,1909f56bfc062723c751e8b465ee728b)  -> (artifact id: '5bac14665b58c7d02bf9d6bc161e1aec') in 0.052754 seconds 
Number of asset objects unloaded after import = 24
========================================================================
Received Import Request.
  Time since last request: 0.000055 seconds.
  path: Assets/Polytope Studio/Lowpoly_Demos/Environment_Free/Helpers/Terrain/New Terrain.asset
  artifactKey: Guid(e0829138c40f356458f259edb063d67a) Importer(815301076,1909f56bfc062723c751e8b465ee728b)
Number of updated assets reloaded before import = 0
Start importing Assets/Polytope Studio/Lowpoly_Demos/Environment_Free/Helpers/Terrain/New Terrain.asset using Guid(e0829138c40f356458f259edb063d67a) Importer(815301076,1909f56bfc062723c751e8b465ee728b) The tree PT_Pine_Tree_03_stump must use the Nature/Soft Occlusion shader. Otherwise billboarding/lighting will not work correctly.
The tree PT_Fruit_Tree_01_logs must use the Nature/Soft Occlusion shader. Otherwise billboarding/lighting will not work correctly.
 -> (artifact id: '1f3790ecbc6f78fe18c3507a4980cc24') in 0.333952 seconds 
Number of asset objects unloaded after import = 310
========================================================================
Received Import Request.
  Time since last request: 0.000036 seconds.
  path: Assets/Fantasy Skybox FREE/Cubemaps/FS017/Images/FS017_Sunrise_Cubemap_down.png
  artifactKey: Guid(aa500d95bc3879d4c82b1763ee51f672) Importer(815301076,1909f56bfc062723c751e8b465ee728b)
Number of updated assets reloaded before import = 0
Start importing Assets/Fantasy Skybox FREE/Cubemaps/FS017/Images/FS017_Sunrise_Cubemap_down.png using Guid(aa500d95bc3879d4c82b1763ee51f672) Importer(815301076,1909f56bfc062723c751e8b465ee728b)  -> (artifact id: 'e8a0e19ee12842bb7e43c54724f4ae23') in 0.029561 seconds 
Number of asset objects unloaded after import = 2
========================================================================
Received Import Request.
  Time since last request: 0.000068 seconds.
  path: Assets/Fantasy Skybox FREE/Cubemaps/FS017/Images/FS017_Sunset_Cubemap_right.png
  artifactKey: Guid(f88176caefa96304eb645c1c278c20d5) Importer(815301076,1909f56bfc062723c751e8b465ee728b)
Number of updated assets reloaded before import = 0
Start importing Assets/Fantasy Skybox FREE/Cubemaps/FS017/Images/FS017_Sunset_Cubemap_right.png using Guid(f88176caefa96304eb645c1c278c20d5) Importer(815301076,1909f56bfc062723c751e8b465ee728b)  -> (artifact id: '6b3f7b37f26203397f40553f63a41c91') in 0.028924 seconds 
Number of asset objects unloaded after import = 2
========================================================================
Received Import Request.
  Time since last request: 0.000036 seconds.
  path: Assets/Fantasy Skybox FREE/Cubemaps/FS017/Images/FS017_Sunrise_Cubemap_right.png
  artifactKey: Guid(30a536d4e8ace7f48af4f6b10160d04b) Importer(815301076,1909f56bfc062723c751e8b465ee728b)
Number of updated assets reloaded before import = 0
Start importing Assets/Fantasy Skybox FREE/Cubemaps/FS017/Images/FS017_Sunrise_Cubemap_right.png using Guid(30a536d4e8ace7f48af4f6b10160d04b) Importer(815301076,1909f56bfc062723c751e8b465ee728b)  -> (artifact id: 'ad75a46d16055639b5d5bd821859c75f') in 0.038261 seconds 
Number of asset objects unloaded after import = 2
========================================================================
Received Import Request.
  Time since last request: 0.000019 seconds.
  path: Assets/Fantasy Skybox FREE/Cubemaps/FS017/Images/FS017_Rainy_Cubemap_down.png
  artifactKey: Guid(613ad9ff0287a7c4d86a5d958e4313b3) Importer(815301076,1909f56bfc062723c751e8b465ee728b)
Number of updated assets reloaded before import = 0
Start importing Assets/Fantasy Skybox FREE/Cubemaps/FS017/Images/FS017_Rainy_Cubemap_down.png using Guid(613ad9ff0287a7c4d86a5d958e4313b3) Importer(815301076,1909f56bfc062723c751e8b465ee728b)  -> (artifact id: 'cc6e490763219a1b9ebd2063f465cfc3') in 0.034901 seconds 
Number of asset objects unloaded after import = 2
========================================================================
Received Import Request.
  Time since last request: 0.000029 seconds.
  path: Assets/Fantasy Skybox FREE/Cubemaps/FS017/Images/FS017_Snowy_Cubemap_right.png
  artifactKey: Guid(76db529d85fbebe458b83d052943d57c) Importer(815301076,1909f56bfc062723c751e8b465ee728b)
Number of updated assets reloaded before import = 0
Start importing Assets/Fantasy Skybox FREE/Cubemaps/FS017/Images/FS017_Snowy_Cubemap_right.png using Guid(76db529d85fbebe458b83d052943d57c) Importer(815301076,1909f56bfc062723c751e8b465ee728b)  -> (artifact id: '80ead5dbe12348a86359b02fac2bd4d6') in 0.034220 seconds 
Number of asset objects unloaded after import = 2
========================================================================
Received Import Request.
  Time since last request: 0.000046 seconds.
  path: Assets/Fantasy Skybox FREE/Panoramics/FS017/FS017_Night.png
  artifactKey: Guid(32cef6a96e79c904387df9d92260fabf) Importer(815301076,1909f56bfc062723c751e8b465ee728b)
Number of updated assets reloaded before import = 0
Start importing Assets/Fantasy Skybox FREE/Panoramics/FS017/FS017_Night.png using Guid(32cef6a96e79c904387df9d92260fabf) Importer(815301076,1909f56bfc062723c751e8b465ee728b)  -> (artifact id: '6943972fa2e29b71ed734ed93c6804dc') in 0.036808 seconds 
Number of asset objects unloaded after import = 2
========================================================================
Received Import Request.
  Time since last request: 0.000022 seconds.
  path: Assets/Fantasy Skybox FREE/Cubemaps/FS017/Images/FS017_Rainy_Cubemap_front.png
  artifactKey: Guid(73b8b1e94ef7fd841aaca0854f7252ec) Importer(815301076,1909f56bfc062723c751e8b465ee728b)
Number of updated assets reloaded before import = 0
Start importing Assets/Fantasy Skybox FREE/Cubemaps/FS017/Images/FS017_Rainy_Cubemap_front.png using Guid(73b8b1e94ef7fd841aaca0854f7252ec) Importer(815301076,1909f56bfc062723c751e8b465ee728b)  -> (artifact id: 'ffcef28167c6c2f24405b76cb74d3d46') in 0.034554 seconds 
Number of asset objects unloaded after import = 2
========================================================================
Received Import Request.
  Time since last request: 0.000032 seconds.
  path: Assets/Polytope Studio/Lowpoly_Demos/Environment_Free/Helpers/Terrain/TerrainData_88efe361-6f68-4188-bcd0-e9554ca440b9.asset
  artifactKey: Guid(f2e008cefb3ff674e8c681a3f961fb80) Importer(815301076,1909f56bfc062723c751e8b465ee728b)
Number of updated assets reloaded before import = 0
Start importing Assets/Polytope Studio/Lowpoly_Demos/Environment_Free/Helpers/Terrain/TerrainData_88efe361-6f68-4188-bcd0-e9554ca440b9.asset using Guid(f2e008cefb3ff674e8c681a3f961fb80) Importer(815301076,1909f56bfc062723c751e8b465ee728b)  -> (artifact id: '357e2d3c0cf56d026bd09c7060418a73') in 0.048174 seconds 
Number of asset objects unloaded after import = 24
========================================================================
Received Import Request.
  Time since last request: 0.000036 seconds.
  path: Assets/Fantasy Skybox FREE/Cubemaps/FS017/Images/FS017_Snowy_Cubemap_back.png
  artifactKey: Guid(93e9efc68eb3d904f94f90521df25bbc) Importer(815301076,1909f56bfc062723c751e8b465ee728b)
Number of updated assets reloaded before import = 0
Start importing Assets/Fantasy Skybox FREE/Cubemaps/FS017/Images/FS017_Snowy_Cubemap_back.png using Guid(93e9efc68eb3d904f94f90521df25bbc) Importer(815301076,1909f56bfc062723c751e8b465ee728b)  -> (artifact id: 'a74c18ab71ce99ba1f05cad5882b2083') in 0.033755 seconds 
Number of asset objects unloaded after import = 2
========================================================================
Received Import Request.
  Time since last request: 0.000023 seconds.
  path: Assets/Polytope Studio/Lowpoly_Demos/Environment_Free/Helpers/Terrain/TerrainData_984456c3-d32f-475f-a118-27bb19f92a65.asset
  artifactKey: Guid(abd9fc8a29ea3f549bf82c3d3b8c843f) Importer(815301076,1909f56bfc062723c751e8b465ee728b)
Number of updated assets reloaded before import = 0
Start importing Assets/Polytope Studio/Lowpoly_Demos/Environment_Free/Helpers/Terrain/TerrainData_984456c3-d32f-475f-a118-27bb19f92a65.asset using Guid(abd9fc8a29ea3f549bf82c3d3b8c843f) Importer(815301076,1909f56bfc062723c751e8b465ee728b)  -> (artifact id: 'a20cc15c4916253873b440ea8556a6eb') in 0.056850 seconds 
Number of asset objects unloaded after import = 24
========================================================================
Received Import Request.
  Time since last request: 0.000024 seconds.
  path: Assets/Fantasy Skybox FREE/Cubemaps/FS017/Images/FS017_Night_Moonless_Cubemap_back.png
  artifactKey: Guid(ede0c531f3e788e4eb4583002c760b2d) Importer(815301076,1909f56bfc062723c751e8b465ee728b)
Number of updated assets reloaded before import = 0
Start importing Assets/Fantasy Skybox FREE/Cubemaps/FS017/Images/FS017_Night_Moonless_Cubemap_back.png using Guid(ede0c531f3e788e4eb4583002c760b2d) Importer(815301076,1909f56bfc062723c751e8b465ee728b)  -> (artifact id: '73e2c4742b7b771f85bf8da8bab3c027') in 0.031812 seconds 
Number of asset objects unloaded after import = 2
========================================================================
Received Import Request.
  Time since last request: 0.000035 seconds.
  path: Assets/Fantasy Skybox FREE/Scenes/Demo with terrain/Lightmap-0_comp_dir.png
  artifactKey: Guid(c7ea5ea2a4fb47b419c0eba8ac36b9aa) Importer(815301076,1909f56bfc062723c751e8b465ee728b)
Number of updated assets reloaded before import = 0
Start importing Assets/Fantasy Skybox FREE/Scenes/Demo with terrain/Lightmap-0_comp_dir.png using Guid(c7ea5ea2a4fb47b419c0eba8ac36b9aa) Importer(815301076,1909f56bfc062723c751e8b465ee728b)  -> (artifact id: '55e765990e69dc8f8eada22f46f10919') in 0.033987 seconds 
Number of asset objects unloaded after import = 2
========================================================================
Received Import Request.
  Time since last request: 0.000022 seconds.
  path: Assets/Fantasy Skybox FREE/Cubemaps/FS017/Images/FS017_Night_Moonless_Cubemap_up.png
  artifactKey: Guid(95bbdcf4ca504cd418f827c63be23bd9) Importer(815301076,1909f56bfc062723c751e8b465ee728b)
Number of updated assets reloaded before import = 0
Start importing Assets/Fantasy Skybox FREE/Cubemaps/FS017/Images/FS017_Night_Moonless_Cubemap_up.png using Guid(95bbdcf4ca504cd418f827c63be23bd9) Importer(815301076,1909f56bfc062723c751e8b465ee728b)  -> (artifact id: 'f8e06989e02b25d6f586af7c4042d006') in 0.033090 seconds 
Number of asset objects unloaded after import = 2
========================================================================
Received Import Request.
  Time since last request: 0.000031 seconds.
  path: Assets/Fantasy Skybox FREE/Cubemaps/FS017/Images/FS017_Snowy_Cubemap_front.png
  artifactKey: Guid(19eeb8f9a4207174ebc06b0ca885c1a6) Importer(815301076,1909f56bfc062723c751e8b465ee728b)
Number of updated assets reloaded before import = 0
Start importing Assets/Fantasy Skybox FREE/Cubemaps/FS017/Images/FS017_Snowy_Cubemap_front.png using Guid(19eeb8f9a4207174ebc06b0ca885c1a6) Importer(815301076,1909f56bfc062723c751e8b465ee728b)  -> (artifact id: '07a96d0f83f7cef5216663f3adf337d4') in 0.032883 seconds 
Number of asset objects unloaded after import = 2
========================================================================
Received Import Request.
  Time since last request: 0.000027 seconds.
  path: Assets/Fantasy Skybox FREE/Cubemaps/FS017/Images/FS017_Sunset_Cubemap_front.png
  artifactKey: Guid(528c16267a381804d8f60399ed04802b) Importer(815301076,1909f56bfc062723c751e8b465ee728b)
Number of updated assets reloaded before import = 0
Start importing Assets/Fantasy Skybox FREE/Cubemaps/FS017/Images/FS017_Sunset_Cubemap_front.png using Guid(528c16267a381804d8f60399ed04802b) Importer(815301076,1909f56bfc062723c751e8b465ee728b)  -> (artifact id: '1bb37e3f554e64613f96bd469041ef7b') in 0.030807 seconds 
Number of asset objects unloaded after import = 2
========================================================================
Received Import Request.
  Time since last request: 0.000027 seconds.
  path: Assets/Fantasy Skybox FREE/Panoramics/FS017/FS017_Sunrise.png
  artifactKey: Guid(5e24d3ca061bf2b48a3e334c5cc4eab1) Importer(815301076,1909f56bfc062723c751e8b465ee728b)
Number of updated assets reloaded before import = 0
Start importing Assets/Fantasy Skybox FREE/Panoramics/FS017/FS017_Sunrise.png using Guid(5e24d3ca061bf2b48a3e334c5cc4eab1) Importer(815301076,1909f56bfc062723c751e8b465ee728b)  -> (artifact id: '3d37c6e8b3f6a7e7964ad0149e981bb4') in 0.030715 seconds 
Number of asset objects unloaded after import = 2
========================================================================
Received Import Request.
  Time since last request: 0.000031 seconds.
  path: Assets/Fantasy Skybox FREE/Cubemaps/FS017/Images/FS017_Night_Moonless_Cubemap_right.png
  artifactKey: Guid(ed3bb36cf52f0fc42b747403264ec5a9) Importer(815301076,1909f56bfc062723c751e8b465ee728b)
Number of updated assets reloaded before import = 0
Start importing Assets/Fantasy Skybox FREE/Cubemaps/FS017/Images/FS017_Night_Moonless_Cubemap_right.png using Guid(ed3bb36cf52f0fc42b747403264ec5a9) Importer(815301076,1909f56bfc062723c751e8b465ee728b)  -> (artifact id: 'ac1a66c36317c1e15f17823c6ebe355b') in 0.032351 seconds 
Number of asset objects unloaded after import = 2
Editor requested this worker to shutdown with reason: Scaling down because of idle timeout
AssetImportWorker is now disconnected from the server
Process exiting
Exiting without the bug reporter. Application will terminate with return code 0